Product projects
---------------------------------------
C:\Users\ASUS TUF A15\source\repos\Taller1Seguridad\BankSystem\Banck\Entities\Entities.csproj
C:\Users\ASUS TUF A15\source\repos\Taller1Seguridad\BankSystem\Banck\DAL\DAL.csproj
C:\Users\ASUS TUF A15\source\repos\Taller1Seguridad\BankSystem\Banck\SLC\SLC.csproj
C:\Users\ASUS TUF A15\source\repos\Taller1Seguridad\BankSystem\Banck\BLL\BLL.csproj
C:\Users\ASUS TUF A15\source\repos\Taller1Seguridad\BankSystem\Banck\SL\SL.csproj
C:\Users\ASUS TUF A15\source\repos\Taller1Seguridad\BankSystem\Banck\Service\Service.csproj
C:\Users\ASUS TUF A15\source\repos\Taller1Seguridad\BankSystem\Banck\Proxy\Proxy.csproj
C:\Users\ASUS TUF A15\source\repos\Taller1Seguridad\BankSystem\Banck\Presentation\Presentation.csproj


Test projects
---------------------------------------


Invalid projects
---------------------------------------
{none}


Skipped projects
---------------------------------------
{none}


Excluded projects
---------------------------------------
{none}


